
*** Running vivado
    with args -log TopCerrojo.vds -m64 -product Vivado -mode batch -messageDb vivado.pb -notrace -source TopCerrojo.tcl



****** Vivado v2024.1 (64-bit)
  **** SW Build 5076996 on Wed May 22 18:37:14 MDT 2024
  **** IP Build 5075265 on Wed May 22 21:45:21 MDT 2024
  **** SharedData Build 5076995 on Wed May 22 18:29:18 MDT 2024
  **** Start of session at: Tue Oct 15 10:37:17 2024
    ** Copyright 1986-2022 Xilinx, Inc. All Rights Reserved.
    ** Copyright 2022-2024 Advanced Micro Devices, Inc. All Rights Reserved.

source TopCerrojo.tcl -notrace
create_project: Time (s): cpu = 00:00:05 ; elapsed = 00:00:06 . Memory (MB): peak = 498.555 ; gain = 201.281
Command: read_checkpoint -auto_incremental -incremental {C:/Users/victo/OneDrive/Documentos/5 ao/TOC/project_2NuevoIntento/project_2NuevoIntento.srcs/utils_1/imports/synth_1/TopCerrojo.dcp}
INFO: [Vivado 12-5825] Read reference checkpoint from C:/Users/victo/OneDrive/Documentos/5 ao/TOC/project_2NuevoIntento/project_2NuevoIntento.srcs/utils_1/imports/synth_1/TopCerrojo.dcp for incremental synthesis
INFO: [Vivado 12-7989] Please ensure there are no constraint changes
Command: synth_design -top TopCerrojo -part xc7a35tcpg236-1
Starting synth_design
Attempting to get a license for feature 'Synthesis' and/or device 'xc7a35t'
INFO: [Common 17-349] Got license for feature 'Synthesis' and/or device 'xc7a35t'
INFO: [Device 21-403] Loading part xc7a35tcpg236-1
INFO: [Device 21-9227] Part: xc7a35tcpg236-1 does not have CEAM library.
INFO: [Designutils 20-5440] No compile time benefit to using incremental synthesis; A full resynthesis will be run
INFO: [Designutils 20-4379] Flow is switching to default flow due to incremental criteria not met. If you would like to alter this behaviour and have the flow terminate instead, please set the following parameter config_implementation {autoIncr.Synth.RejectBehavior Terminate}
INFO: [Synth 8-7079] Multithreading enabled for synth_design using a maximum of 2 processes.
INFO: [Synth 8-7078] Launching helper process for spawning children vivado processes
INFO: [Synth 8-7075] Helper process launched with PID 37968
---------------------------------------------------------------------------------
Starting RTL Elaboration : Time (s): cpu = 00:00:03 ; elapsed = 00:00:05 . Memory (MB): peak = 1354.633 ; gain = 447.832
---------------------------------------------------------------------------------
INFO: [Synth 8-638] synthesizing module 'TopCerrojo' [C:/Users/victo/OneDrive/Documentos/5 ao/TOC/project_2NuevoIntento/project_2NuevoIntento.srcs/sources_1/new/topCerrojo.vhd:18]
INFO: [Synth 8-638] synthesizing module 'debouncer' [C:/Users/victo/OneDrive/Documentos/5 ao/TOC/project_2NuevoIntento/project_2NuevoIntento.srcs/sources_1/imports/2-DigLock_files/debouncer.vhd:16]
INFO: [Synth 8-256] done synthesizing module 'debouncer' (0#1) [C:/Users/victo/OneDrive/Documentos/5 ao/TOC/project_2NuevoIntento/project_2NuevoIntento.srcs/sources_1/imports/2-DigLock_files/debouncer.vhd:16]
INFO: [Synth 8-638] synthesizing module 'registro' [C:/Users/victo/OneDrive/Documentos/5 ao/TOC/project_2NuevoIntento/project_2NuevoIntento.srcs/sources_1/new/registro.vhd:44]
INFO: [Synth 8-256] done synthesizing module 'registro' (0#1) [C:/Users/victo/OneDrive/Documentos/5 ao/TOC/project_2NuevoIntento/project_2NuevoIntento.srcs/sources_1/new/registro.vhd:44]
INFO: [Synth 8-638] synthesizing module 'comparador' [C:/Users/victo/OneDrive/Documentos/5 ao/TOC/project_2NuevoIntento/project_2NuevoIntento.srcs/sources_1/new/comparador.vhd:41]
INFO: [Synth 8-256] done synthesizing module 'comparador' (0#1) [C:/Users/victo/OneDrive/Documentos/5 ao/TOC/project_2NuevoIntento/project_2NuevoIntento.srcs/sources_1/new/comparador.vhd:41]
INFO: [Synth 8-638] synthesizing module 'fsm_cerrojo' [C:/Users/victo/OneDrive/Documentos/5 ao/TOC/project_2NuevoIntento/project_2NuevoIntento.srcs/sources_1/new/FSM.vhd:16]
INFO: [Synth 8-256] done synthesizing module 'fsm_cerrojo' (0#1) [C:/Users/victo/OneDrive/Documentos/5 ao/TOC/project_2NuevoIntento/project_2NuevoIntento.srcs/sources_1/new/FSM.vhd:16]
INFO: [Synth 8-638] synthesizing module 'conv_7seg' [C:/Users/victo/OneDrive/Documentos/5 ao/TOC/project_2NuevoIntento/project_2NuevoIntento.srcs/sources_1/imports/2-DigLock_files/conv_7seg.vhd:9]
INFO: [Synth 8-256] done synthesizing module 'conv_7seg' (0#1) [C:/Users/victo/OneDrive/Documentos/5 ao/TOC/project_2NuevoIntento/project_2NuevoIntento.srcs/sources_1/imports/2-DigLock_files/conv_7seg.vhd:9]
INFO: [Synth 8-256] done synthesizing module 'TopCerrojo' (0#1) [C:/Users/victo/OneDrive/Documentos/5 ao/TOC/project_2NuevoIntento/project_2NuevoIntento.srcs/sources_1/new/topCerrojo.vhd:18]
WARNING: [Synth 8-3917] design TopCerrojo has port anodes[3] driven by constant 1
WARNING: [Synth 8-3917] design TopCerrojo has port anodes[2] driven by constant 1
WARNING: [Synth 8-3917] design TopCerrojo has port anodes[1] driven by constant 1
WARNING: [Synth 8-3917] design TopCerrojo has port anodes[0] driven by constant 0
---------------------------------------------------------------------------------
Finished RTL Elaboration : Time (s): cpu = 00:00:04 ; elapsed = 00:00:06 . Memory (MB): peak = 1465.312 ; gain = 558.512
---------------------------------------------------------------------------------
---------------------------------------------------------------------------------
Start Handling Custom Attributes
---------------------------------------------------------------------------------
---------------------------------------------------------------------------------
Finished Handling Custom Attributes : Time (s): cpu = 00:00:04 ; elapsed = 00:00:06 . Memory (MB): peak = 1465.312 ; gain = 558.512
---------------------------------------------------------------------------------
---------------------------------------------------------------------------------
Finished RTL Optimization Phase 1 : Time (s): cpu = 00:00:04 ; elapsed = 00:00:06 . Memory (MB): peak = 1465.312 ; gain = 558.512
---------------------------------------------------------------------------------
Netlist sorting complete. Time (s): cpu = 00:00:00 ; elapsed = 00:00:00.001 . Memory (MB): peak = 1465.312 ; gain = 0.000
INFO: [Project 1-570] Preparing netlist for logic optimization

Processing XDC Constraints
Initializing timing engine
Parsing XDC File [C:/Users/victo/OneDrive/Documentos/5 ao/TOC/project_2NuevoIntento/project_2NuevoIntento.srcs/constrs_1/imports/new/pins.xdc]
Finished Parsing XDC File [C:/Users/victo/OneDrive/Documentos/5 ao/TOC/project_2NuevoIntento/project_2NuevoIntento.srcs/constrs_1/imports/new/pins.xdc]
INFO: [Project 1-236] Implementation specific constraints were found while reading constraint file [C:/Users/victo/OneDrive/Documentos/5 ao/TOC/project_2NuevoIntento/project_2NuevoIntento.srcs/constrs_1/imports/new/pins.xdc]. These constraints will be ignored for synthesis but will be used in implementation. Impacted constraints are listed in the file [.Xil/TopCerrojo_propImpl.xdc].
Resolution: To avoid this warning, move constraints listed in [.Xil/TopCerrojo_propImpl.xdc] to another XDC file and exclude this new file from synthesis with the used_in_synthesis property (File Properties dialog in GUI) and re-run elaboration/synthesis.
Completed Processing XDC Constraints

Netlist sorting complete. Time (s): cpu = 00:00:00 ; elapsed = 00:00:00 . Memory (MB): peak = 1554.758 ; gain = 0.000
INFO: [Project 1-111] Unisim Transformation Summary:
No Unisim elements were transformed.

Constraint Validation Runtime : Time (s): cpu = 00:00:00 ; elapsed = 00:00:00.001 . Memory (MB): peak = 1554.758 ; gain = 0.000
INFO: [Designutils 20-5440] No compile time benefit to using incremental synthesis; A full resynthesis will be run
INFO: [Designutils 20-4379] Flow is switching to default flow due to incremental criteria not met. If you would like to alter this behaviour and have the flow terminate instead, please set the following parameter config_implementation {autoIncr.Synth.RejectBehavior Terminate}
---------------------------------------------------------------------------------
Finished Constraint Validation : Time (s): cpu = 00:00:08 ; elapsed = 00:00:12 . Memory (MB): peak = 1554.758 ; gain = 647.957
---------------------------------------------------------------------------------
---------------------------------------------------------------------------------
Start Loading Part and Timing Information
---------------------------------------------------------------------------------
Loading part: xc7a35tcpg236-1
---------------------------------------------------------------------------------
Finished Loading Part and Timing Information : Time (s): cpu = 00:00:08 ; elapsed = 00:00:12 . Memory (MB): peak = 1554.758 ; gain = 647.957
---------------------------------------------------------------------------------
---------------------------------------------------------------------------------
Start Applying 'set_property' XDC Constraints
---------------------------------------------------------------------------------
---------------------------------------------------------------------------------
Finished applying 'set_property' XDC Constraints : Time (s): cpu = 00:00:08 ; elapsed = 00:00:12 . Memory (MB): peak = 1554.758 ; gain = 647.957
---------------------------------------------------------------------------------
INFO: [Synth 8-802] inferred FSM for state register 'controller.state_reg' in module 'debouncer'
INFO: [Synth 8-802] inferred FSM for state register 'current_state_reg' in module 'fsm_cerrojo'
---------------------------------------------------------------------------------------------------
                   State |                     New Encoding |                Previous Encoding 
---------------------------------------------------------------------------------------------------
         waitingpression |                               00 |                               00
      pressiondebouncing |                               01 |                               01
       waitingdepression |                               10 |                               10
    depressiondebouncing |                               11 |                               11
---------------------------------------------------------------------------------------------------
INFO: [Synth 8-3354] encoded FSM with state register 'controller.state_reg' using encoding 'sequential' in module 'debouncer'
---------------------------------------------------------------------------------------------------
                   State |                     New Encoding |                Previous Encoding 
---------------------------------------------------------------------------------------------------
                 initial |                            00001 |                              000
                   three |                            00010 |                              011
                     two |                            00100 |                              010
                     one |                            01000 |                              001
                   final |                            10000 |                              100
---------------------------------------------------------------------------------------------------
INFO: [Synth 8-3354] encoded FSM with state register 'current_state_reg' using encoding 'one-hot' in module 'fsm_cerrojo'
---------------------------------------------------------------------------------
Finished RTL Optimization Phase 2 : Time (s): cpu = 00:00:08 ; elapsed = 00:00:13 . Memory (MB): peak = 1554.758 ; gain = 647.957
---------------------------------------------------------------------------------
---------------------------------------------------------------------------------
Start RTL Component Statistics 
---------------------------------------------------------------------------------
Detailed RTL Component Info : 
+---Registers : 
	                8 Bit    Registers := 1     
	                1 Bit    Registers := 2     
+---Muxes : 
	   5 Input    5 Bit        Muxes := 1     
	   2 Input    5 Bit        Muxes := 4     
	   4 Input    2 Bit        Muxes := 1     
	   2 Input    2 Bit        Muxes := 4     
	   5 Input    2 Bit        Muxes := 1     
	   2 Input    1 Bit        Muxes := 2     
	   4 Input    1 Bit        Muxes := 4     
	   5 Input    1 Bit        Muxes := 1     
---------------------------------------------------------------------------------
Finished RTL Component Statistics 
---------------------------------------------------------------------------------
---------------------------------------------------------------------------------
Start Part Resource Summary
---------------------------------------------------------------------------------
Part Resources:
DSPs: 90 (col length:60)
BRAMs: 100 (col length: RAMB18 60 RAMB36 30)
---------------------------------------------------------------------------------
Finished Part Resource Summary
---------------------------------------------------------------------------------
---------------------------------------------------------------------------------
Start Cross Boundary and Area Optimization
---------------------------------------------------------------------------------
WARNING: [Synth 8-7080] Parallel synthesis criteria is not met
WARNING: [Synth 8-3917] design TopCerrojo has port anodes[3] driven by constant 1
WARNING: [Synth 8-3917] design TopCerrojo has port anodes[2] driven by constant 1
WARNING: [Synth 8-3917] design TopCerrojo has port anodes[1] driven by constant 1
WARNING: [Synth 8-3917] design TopCerrojo has port anodes[0] driven by constant 0
---------------------------------------------------------------------------------
Finished Cross Boundary and Area Optimization : Time (s): cpu = 00:00:09 ; elapsed = 00:00:14 . Memory (MB): peak = 1554.758 ; gain = 647.957
---------------------------------------------------------------------------------
---------------------------------------------------------------------------------
Start Applying XDC Timing Constraints
---------------------------------------------------------------------------------
---------------------------------------------------------------------------------
Finished Applying XDC Timing Constraints : Time (s): cpu = 00:00:13 ; elapsed = 00:00:19 . Memory (MB): peak = 1554.758 ; gain = 647.957
---------------------------------------------------------------------------------
---------------------------------------------------------------------------------
Start Timing Optimization
---------------------------------------------------------------------------------
---------------------------------------------------------------------------------
Finished Timing Optimization : Time (s): cpu = 00:00:13 ; elapsed = 00:00:19 . Memory (MB): peak = 1554.758 ; gain = 647.957
---------------------------------------------------------------------------------
---------------------------------------------------------------------------------
Start Technology Mapping
---------------------------------------------------------------------------------
---------------------------------------------------------------------------------
Finished Technology Mapping : Time (s): cpu = 00:00:13 ; elapsed = 00:00:19 . Memory (MB): peak = 1554.758 ; gain = 647.957
---------------------------------------------------------------------------------
---------------------------------------------------------------------------------
Start IO Insertion
---------------------------------------------------------------------------------
---------------------------------------------------------------------------------
Start Flattening Before IO Insertion
---------------------------------------------------------------------------------
---------------------------------------------------------------------------------
Finished Flattening Before IO Insertion
---------------------------------------------------------------------------------
---------------------------------------------------------------------------------
Start Final Netlist Cleanup
---------------------------------------------------------------------------------
---------------------------------------------------------------------------------
Finished Final Netlist Cleanup
---------------------------------------------------------------------------------
---------------------------------------------------------------------------------
Finished IO Insertion : Time (s): cpu = 00:00:16 ; elapsed = 00:00:23 . Memory (MB): peak = 1554.758 ; gain = 647.957
---------------------------------------------------------------------------------
---------------------------------------------------------------------------------
Start Renaming Generated Instances
---------------------------------------------------------------------------------
---------------------------------------------------------------------------------
Finished Renaming Generated Instances : Time (s): cpu = 00:00:16 ; elapsed = 00:00:23 . Memory (MB): peak = 1554.758 ; gain = 647.957
---------------------------------------------------------------------------------
---------------------------------------------------------------------------------
Start Rebuilding User Hierarchy
---------------------------------------------------------------------------------
---------------------------------------------------------------------------------
Finished Rebuilding User Hierarchy : Time (s): cpu = 00:00:16 ; elapsed = 00:00:23 . Memory (MB): peak = 1554.758 ; gain = 647.957
---------------------------------------------------------------------------------
---------------------------------------------------------------------------------
Start Renaming Generated Ports
---------------------------------------------------------------------------------
---------------------------------------------------------------------------------
Finished Renaming Generated Ports : Time (s): cpu = 00:00:16 ; elapsed = 00:00:23 . Memory (MB): peak = 1554.758 ; gain = 647.957
---------------------------------------------------------------------------------
---------------------------------------------------------------------------------
Start Handling Custom Attributes
---------------------------------------------------------------------------------
---------------------------------------------------------------------------------
Finished Handling Custom Attributes : Time (s): cpu = 00:00:16 ; elapsed = 00:00:23 . Memory (MB): peak = 1554.758 ; gain = 647.957
---------------------------------------------------------------------------------
---------------------------------------------------------------------------------
Start Renaming Generated Nets
---------------------------------------------------------------------------------
---------------------------------------------------------------------------------
Finished Renaming Generated Nets : Time (s): cpu = 00:00:16 ; elapsed = 00:00:23 . Memory (MB): peak = 1554.758 ; gain = 647.957
---------------------------------------------------------------------------------
---------------------------------------------------------------------------------
Start Writing Synthesis Report
---------------------------------------------------------------------------------

Report BlackBoxes: 
+-+--------------+----------+
| |BlackBox name |Instances |
+-+--------------+----------+
+-+--------------+----------+

Report Cell Usage: 
+------+-------+------+
|      |Cell   |Count |
+------+-------+------+
|1     |BUFG   |     1|
|2     |CARRY4 |     5|
|3     |LUT2   |     2|
|4     |LUT3   |     5|
|5     |LUT4   |    29|
|6     |LUT5   |     4|
|7     |LUT6   |     5|
|8     |FDCE   |    12|
|9     |FDPE   |     1|
|10    |FDRE   |    24|
|11    |IBUF   |    11|
|12    |OBUF   |    12|
+------+-------+------+
---------------------------------------------------------------------------------
Finished Writing Synthesis Report : Time (s): cpu = 00:00:16 ; elapsed = 00:00:23 . Memory (MB): peak = 1554.758 ; gain = 647.957
---------------------------------------------------------------------------------
Synthesis finished with 0 errors, 0 critical warnings and 5 warnings.
Synthesis Optimization Runtime : Time (s): cpu = 00:00:11 ; elapsed = 00:00:22 . Memory (MB): peak = 1554.758 ; gain = 558.512
Synthesis Optimization Complete : Time (s): cpu = 00:00:16 ; elapsed = 00:00:24 . Memory (MB): peak = 1554.758 ; gain = 647.957
INFO: [Project 1-571] Translating synthesized netlist
Netlist sorting complete. Time (s): cpu = 00:00:00 ; elapsed = 00:00:00.001 . Memory (MB): peak = 1554.758 ; gain = 0.000
INFO: [Netlist 29-17] Analyzing 5 Unisim elements for replacement
INFO: [Netlist 29-28] Unisim Transformation completed in 0 CPU seconds
INFO: [Project 1-570] Preparing netlist for logic optimization
INFO: [Opt 31-138] Pushed 0 inverter(s) to 0 load pin(s).
Netlist sorting complete. Time (s): cpu = 00:00:00 ; elapsed = 00:00:00 . Memory (MB): peak = 1554.758 ; gain = 0.000
INFO: [Project 1-111] Unisim Transformation Summary:
No Unisim elements were transformed.

Synth Design complete | Checksum: a98de94b
INFO: [Common 17-83] Releasing license: Synthesis
38 Infos, 9 Warnings, 0 Critical Warnings and 0 Errors encountered.
synth_design completed successfully
synth_design: Time (s): cpu = 00:00:19 ; elapsed = 00:00:28 . Memory (MB): peak = 1554.758 ; gain = 1050.172
Write ShapeDB Complete: Time (s): cpu = 00:00:00 ; elapsed = 00:00:00.001 . Memory (MB): peak = 1554.758 ; gain = 0.000
INFO: [Common 17-1381] The checkpoint 'C:/Users/victo/OneDrive/Documentos/5 ao/TOC/project_2NuevoIntento/project_2NuevoIntento.runs/synth_1/TopCerrojo.dcp' has been generated.
INFO: [Vivado 12-24828] Executing command : report_utilization -file TopCerrojo_utilization_synth.rpt -pb TopCerrojo_utilization_synth.pb
INFO: [Common 17-206] Exiting Vivado at Tue Oct 15 10:37:53 2024...
